<?xml version="1.0" encoding="UTF-8"?>
<testng-results ignored="0" total="1" passed="1" failed="0" skipped="0">
  <reporter-output>
  </reporter-output>
  <suite started-at="2020-01-22T02:59:25 CST" name="Default suite" finished-at="2020-01-22T02:59:26 CST" duration-ms="65">
    <groups>
    </groups>
    <test started-at="2020-01-22T02:59:25 CST" name="Default test" finished-at="2020-01-22T02:59:26 CST" duration-ms="65">
      <class name="Setinjava">
        <test-method signature="add()[pri:0, instance:Setinjava@8909f18]" started-at="2020-01-22T02:59:26 CST" name="add" finished-at="2020-01-22T02:59:26 CST" duration-ms="15" status="PASS">
          <reporter-output>
          </reporter-output>
        </test-method> <!-- add -->
      </class> <!-- Setinjava -->
    </test> <!-- Default test -->
  </suite> <!-- Default suite -->
</testng-results>
